<?xml version="1.0" encoding="UTF-8"?>
<testsuite xmlns:xsi="http://www.w3.org/2001/XMLSchema-instance" xsi:noNamespaceSchemaLocation="https://maven.apache.org/surefire/maven-surefire-plugin/xsd/surefire-test-report-3.0.xsd" version="3.0" name="edu.sample.PrimeFinderTest" time="0.162" tests="7" errors="2" skipped="0" failures="0">
  <properties>
[...]
</properties>
  <testcase name="testPrimeFinderExceptions{int}[1]" classname="edu.sample.PrimeFinderTest" time="0.054">
    <error message="Wrong amount of prime numbers" type="edu.sample.WrongAmountException">edu.sample.WrongAmountException: Wrong amount of prime numbers
	at edu.sample.PrimeFinderTest.testPrimeFinderExceptions(PrimeFinderTest.java:18)
</error>
  </testcase>
  <testcase name="testPrimeFinderExceptions{int}[2]" classname="edu.sample.PrimeFinderTest" time="0.001">
    <error message="Wrong amount of prime numbers" type="edu.sample.WrongAmountException">edu.sample.WrongAmountException: Wrong amount of prime numbers
	at edu.sample.PrimeFinderTest.testPrimeFinderExceptions(PrimeFinderTest.java:18)
</error>
  </testcase>
  <testcase name="testPrimeFinder{int}[1]" classname="edu.sample.PrimeFinderTest" time="0.005"/>
  <testcase name="testPrimeFinder{int}[2]" classname="edu.sample.PrimeFinderTest" time="0.001"/>
  <testcase name="testPrimeFinder{int}[3]" classname="edu.sample.PrimeFinderTest" time="0"/>
  <testcase name="testPrimeFinder{int}[4]" classname="edu.sample.PrimeFinderTest" time="0.001"/>
  <testcase name="testPrimeFinder{int}[5]" classname="edu.sample.PrimeFinderTest" time="0.044"/>
</testsuite>